<?xml version="1.0" encoding="UTF-8"?>
<!-- Generated by org.testng.reporters.JUnitReportReporter -->
<testsuite hostname="DESKTOP-SI5TGDO" failures="0" tests="5" name="newpackage.TestNG_withoutPriority_Annotation" time="0.022" errors="0" timestamp="2026-03-11T19:41:52 IST" skipped="0">
  <testcase classname="newpackage.TestNG_withoutPriority_Annotation" name="b_method" time="0.001"/>
  <testcase classname="newpackage.TestNG_withoutPriority_Annotation" name="c_method" time="0.003"/>
  <testcase classname="newpackage.TestNG_withoutPriority_Annotation" name="e_method" time="0.001"/>
  <testcase classname="newpackage.TestNG_withoutPriority_Annotation" name="d_method" time="0.001"/>
  <testcase classname="newpackage.TestNG_withoutPriority_Annotation" name="a_method" time="0.016"/>
</testsuite> <!-- newpackage.TestNG_withoutPriority_Annotation -->
